Determining if the pthread_create exist failed with the following output:
Change Dir: /media/xmy/Data/GitHub/dynamics_integration/build/CMakeFiles/CMakeTmp

Run Build Command:"/usr/bin/make" "cmTC_fb407/fast"
/usr/bin/make -f CMakeFiles/cmTC_fb407.dir/build.make CMakeFiles/cmTC_fb407.dir/build
make[1]: Entering directory '/media/xmy/Data/GitHub/dynamics_integration/build/CMakeFiles/CMakeTmp'
Building C object CMakeFiles/cmTC_fb407.dir/CheckSymbolExists.c.o
/usr/bin/cc     -o CMakeFiles/cmTC_fb407.dir/CheckSymbolExists.c.o   -c /media/xmy/Data/GitHub/dynamics_integration/build/CMakeFiles/CMakeTmp/CheckSymbolExists.c
Linking C executable cmTC_fb407
/usr/bin/cmake -E cmake_link_script CMakeFiles/cmTC_fb407.dir/link.txt --verbose=1
/usr/bin/cc       CMakeFiles/cmTC_fb407.dir/CheckSymbolExists.c.o  -o cmTC_fb407 -rdynamic 
CMakeFiles/cmTC_fb407.dir/CheckSymbolExists.c.o: In function `main':
CheckSymbolExists.c:(.text+0x16): undefined reference to `pthread_create'
collect2: error: ld returned 1 exit status
CMakeFiles/cmTC_fb407.dir/build.make:97: recipe for target 'cmTC_fb407' failed
make[1]: *** [cmTC_fb407] Error 1
make[1]: Leaving directory '/media/xmy/Data/GitHub/dynamics_integration/build/CMakeFiles/CMakeTmp'
Makefile:126: recipe for target 'cmTC_fb407/fast' failed
make: *** [cmTC_fb407/fast] Error 2

File /media/xmy/Data/GitHub/dynamics_integration/build/CMakeFiles/CMakeTmp/CheckSymbolExists.c:
/* */
#include <pthread.h>

int main(int argc, char** argv)
{
  (void)argv;
#ifndef pthread_create
  return ((int*)(&pthread_create))[argc];
#else
  (void)argc;
  return 0;
#endif
}

Determining if the function pthread_create exists in the pthreads failed with the following output:
Change Dir: /media/xmy/Data/GitHub/dynamics_integration/build/CMakeFiles/CMakeTmp

Run Build Command:"/usr/bin/make" "cmTC_cd435/fast"
/usr/bin/make -f CMakeFiles/cmTC_cd435.dir/build.make CMakeFiles/cmTC_cd435.dir/build
make[1]: Entering directory '/media/xmy/Data/GitHub/dynamics_integration/build/CMakeFiles/CMakeTmp'
Building C object CMakeFiles/cmTC_cd435.dir/CheckFunctionExists.c.o
/usr/bin/cc    -DCHECK_FUNCTION_EXISTS=pthread_create   -o CMakeFiles/cmTC_cd435.dir/CheckFunctionExists.c.o   -c /usr/share/cmake-3.5/Modules/CheckFunctionExists.c
Linking C executable cmTC_cd435
/usr/bin/cmake -E cmake_link_script CMakeFiles/cmTC_cd435.dir/link.txt --verbose=1
/usr/bin/cc   -DCHECK_FUNCTION_EXISTS=pthread_create    CMakeFiles/cmTC_cd435.dir/CheckFunctionExists.c.o  -o cmTC_cd435 -rdynamic -lpthreads 
/usr/bin/ld: cannot find -lpthreads
collect2: error: ld returned 1 exit status
CMakeFiles/cmTC_cd435.dir/build.make:97: recipe for target 'cmTC_cd435' failed
make[1]: *** [cmTC_cd435] Error 1
make[1]: Leaving directory '/media/xmy/Data/GitHub/dynamics_integration/build/CMakeFiles/CMakeTmp'
Makefile:126: recipe for target 'cmTC_cd435/fast' failed
make: *** [cmTC_cd435/fast] Error 2


